<?xml version="1.0" encoding="UTF-8"?>
<testsuite xmlns:xsi="http://www.w3.org/2001/XMLSchema-instance" xsi:noNamespaceSchemaLocation="https://maven.apache.org/surefire/maven-surefire-plugin/xsd/surefire-test-report-3.0.xsd" version="3.0" name="com.speedarena.track.TrackGeometryTest" time="0.088" tests="4" errors="0" skipped="0" failures="0">
  <properties>
[...]
</properties>
  <testcase name="pointInObb_rotated45" classname="com.speedarena.track.TrackGeometryTest" time="0.036"/>
  <testcase name="pointInObb_outsideWidth" classname="com.speedarena.track.TrackGeometryTest" time="0.003"/>
  <testcase name="velocityDotNormal_matchesFacing" classname="com.speedarena.track.TrackGeometryTest" time="0.002"/>
  <testcase name="pointInObb_centerInside" classname="com.speedarena.track.TrackGeometryTest" time="0.003"/>
</testsuite>